# JRE version: OpenJDK Runtime Environment (7.0_65-b32) (build 1.7.0_65-b32)
# Java VM: OpenJDK 64-Bit Server VM (24.65-b04 mixed mode linux-amd64 compressed oops)
Heap
 PSYoungGen      total 120320K, used 32481K [0x00000000f5500000, 0x00000000fd600000, 0x0000000100000000)
  eden space 110080K, 29% used [0x00000000f5500000,0x00000000f74b8570,0x00000000fc080000)
  from space 10240K, 0% used [0x00000000fcb00000,0x00000000fcb00000,0x00000000fd500000)
  to   space 10752K, 0% used [0x00000000fc080000,0x00000000fc080000,0x00000000fcb00000)
 ParOldGen       total 79360K, used 49928K [0x00000000e0000000, 0x00000000e4d80000, 0x00000000f5500000)
  object space 79360K, 62% used [0x00000000e0000000,0x00000000e30c22e8,0x00000000e4d80000)
 PSPermGen       total 84480K, used 82115K [0x00000000d0000000, 0x00000000d5280000, 0x00000000e0000000)
  object space 84480K, 97% used [0x00000000d0000000,0x00000000d5030da0,0x00000000d5280000)
GC Heap History (10 events):
Event: 3547,453 GC heap before
{Heap before GC invocations=70 (full 26):
 PSYoungGen      total 121344K, used 96K [0x00000000f5500000, 0x00000000fd700000, 0x0000000100000000)
  eden space 110592K, 0% used [0x00000000f5500000,0x00000000f5500000,0x00000000fc100000)
  from space 10752K, 0% used [0x00000000fcc80000,0x00000000fcc98000,0x00000000fd700000)
  to   space 11264K, 0% used [0x00000000fc100000,0x00000000fc100000,0x00000000fcc00000)
 ParOldGen       total 79360K, used 45636K [0x00000000e0000000, 0x00000000e4d80000, 0x00000000f5500000)
  object space 79360K, 57% used [0x00000000e0000000,0x00000000e2c91298,0x00000000e4d80000)
 PSPermGen       total 82944K, used 80147K [0x00000000d0000000, 0x00000000d5100000, 0x00000000e0000000)
  object space 82944K, 96% used [0x00000000d0000000,0x00000000d4e44f98,0x00000000d5100000)
Event: 3547,621 GC heap after
Heap after GC invocations=70 (full 26):
 PSYoungGen      total 121344K, used 0K [0x00000000f5500000, 0x00000000fd700000, 0x0000000100000000)
  eden space 110592K, 0% used [0x00000000f5500000,0x00000000f5500000,0x00000000fc100000)
  from space 10752K, 0% used [0x00000000fcc80000,0x00000000fcc80000,0x00000000fd700000)
  to   space 11264K, 0% used [0x00000000fc100000,0x00000000fc100000,0x00000000fcc00000)
 ParOldGen       total 79360K, used 45636K [0x00000000e0000000, 0x00000000e4d80000, 0x00000000f5500000)
  object space 79360K, 57% used [0x00000000e0000000,0x00000000e2c91358,0x00000000e4d80000)
 PSPermGen       total 82944K, used 80147K [0x00000000d0000000, 0x00000000d5100000, 0x00000000e0000000)
  object space 82944K, 96% used [0x00000000d0000000,0x00000000d4e44f98,0x00000000d5100000)
}
Event: 3607,444 GC heap before
{Heap before GC invocations=71 (full 26):
 PSYoungGen      total 121344K, used 2835K [0x00000000f5500000, 0x00000000fd700000, 0x0000000100000000)
  eden space 110592K, 2% used [0x00000000f5500000,0x00000000f57c4ce0,0x00000000fc100000)
  from space 10752K, 0% used [0x00000000fcc80000,0x00000000fcc80000,0x00000000fd700000)
  to   space 11264K, 0% used [0x00000000fc100000,0x00000000fc100000,0x00000000fcc00000)
 ParOldGen       total 79360K, used 45636K [0x00000000e0000000, 0x00000000e4d80000, 0x00000000f5500000)
  object space 79360K, 57% used [0x00000000e0000000,0x00000000e2c91358,0x00000000e4d80000)
 PSPermGen       total 82944K, used 80147K [0x00000000d0000000, 0x00000000d5100000, 0x00000000e0000000)
  object space 82944K, 96% used [0x00000000d0000000,0x00000000d4e44f98,0x00000000d5100000)
Event: 3607,453 GC heap after
Heap after GC invocations=71 (full 26):
 PSYoungGen      total 111104K, used 96K [0x00000000f5500000, 0x00000000fd500000, 0x0000000100000000)
  eden space 110592K, 0% used [0x00000000f5500000,0x00000000f5500000,0x00000000fc100000)
  from space 512K, 18% used [0x00000000fc100000,0x00000000fc118000,0x00000000fc180000)
  to   space 10240K, 0% used [0x00000000fcb00000,0x00000000fcb00000,0x00000000fd500000)
 ParOldGen       total 79360K, used 45636K [0x00000000e0000000, 0x00000000e4d80000, 0x00000000f5500000)
  object space 79360K, 57% used [0x00000000e0000000,0x00000000e2c91358,0x00000000e4d80000)
 PSPermGen       total 82944K, used 80147K [0x00000000d0000000, 0x00000000d5100000, 0x00000000e0000000)
  object space 82944K, 96% used [0x00000000d0000000,0x00000000d4e44f98,0x00000000d5100000)
}
Event: 3607,453 GC heap before
{Heap before GC invocations=72 (full 27):
 PSYoungGen      total 111104K, used 96K [0x00000000f5500000, 0x00000000fd500000, 0x0000000100000000)
  eden space 110592K, 0% used [0x00000000f5500000,0x00000000f5500000,0x00000000fc100000)
  from space 512K, 18% used [0x00000000fc100000,0x00000000fc118000,0x00000000fc180000)
  to   space 10240K, 0% used [0x00000000fcb00000,0x00000000fcb00000,0x00000000fd500000)
 ParOldGen       total 79360K, used 45636K [0x00000000e0000000, 0x00000000e4d80000, 0x00000000f5500000)
  object space 79360K, 57% used [0x00000000e0000000,0x00000000e2c91358,0x00000000e4d80000)
 PSPermGen       total 82944K, used 80147K [0x00000000d0000000, 0x00000000d5100000, 0x00000000e0000000)
  object space 82944K, 96% used [0x00000000d0000000,0x00000000d4e44f98,0x00000000d5100000)
Event: 3607,619 GC heap after
Heap after GC invocations=72 (full 27):
 PSYoungGen      total 111104K, used 0K [0x00000000f5500000, 0x00000000fd500000, 0x0000000100000000)
  eden space 110592K, 0% used [0x00000000f5500000,0x00000000f5500000,0x00000000fc100000)
  from space 512K, 0% used [0x00000000fc100000,0x00000000fc100000,0x00000000fc180000)
  to   space 10240K, 0% used [0x00000000fcb00000,0x00000000fcb00000,0x00000000fd500000)
 ParOldGen       total 79360K, used 45637K [0x00000000e0000000, 0x00000000e4d80000, 0x00000000f5500000)
  object space 79360K, 57% used [0x00000000e0000000,0x00000000e2c91440,0x00000000e4d80000)
 PSPermGen       total 82432K, used 80147K [0x00000000d0000000, 0x00000000d5080000, 0x00000000e0000000)
  object space 82432K, 97% used [0x00000000d0000000,0x00000000d4e44f98,0x00000000d5080000)
}
Event: 3727,007 GC heap before
{Heap before GC invocations=73 (full 27):
 PSYoungGen      total 111104K, used 51870K [0x00000000f5500000, 0x00000000fd500000, 0x0000000100000000)
  eden space 110592K, 46% used [0x00000000f5500000,0x00000000f87a7ab0,0x00000000fc100000)
  from space 512K, 0% used [0x00000000fc100000,0x00000000fc100000,0x00000000fc180000)
  to   space 10240K, 0% used [0x00000000fcb00000,0x00000000fcb00000,0x00000000fd500000)
 ParOldGen       total 79360K, used 45637K [0x00000000e0000000, 0x00000000e4d80000, 0x00000000f5500000)
  object space 79360K, 57% used [0x00000000e0000000,0x00000000e2c91440,0x00000000e4d80000)
 PSPermGen       total 82432K, used 81855K [0x00000000d0000000, 0x00000000d5080000, 0x00000000e0000000)
  object space 82432K, 99% used [0x00000000d0000000,0x00000000d4fefd70,0x00000000d5080000)
Event: 3727,026 GC heap after
Heap after GC invocations=73 (full 27):
 PSYoungGen      total 120320K, used 4707K [0x00000000f5500000, 0x00000000fd600000, 0x0000000100000000)
  eden space 110080K, 0% used [0x00000000f5500000,0x00000000f5500000,0x00000000fc080000)
  from space 10240K, 45% used [0x00000000fcb00000,0x00000000fcf98ef0,0x00000000fd500000)
  to   space 10752K, 0% used [0x00000000fc080000,0x00000000fc080000,0x00000000fcb00000)
 ParOldGen       total 79360K, used 45637K [0x00000000e0000000, 0x00000000e4d80000, 0x00000000f5500000)
  object space 79360K, 57% used [0x00000000e0000000,0x00000000e2c91440,0x00000000e4d80000)
 PSPermGen       total 82432K, used 81855K [0x00000000d0000000, 0x00000000d5080000, 0x00000000e0000000)
  object space 82432K, 99% used [0x00000000d0000000,0x00000000d4fefd70,0x00000000d5080000)
}
Event: 3727,026 GC heap before
{Heap before GC invocations=74 (full 28):
 PSYoungGen      total 120320K, used 4707K [0x00000000f5500000, 0x00000000fd600000, 0x0000000100000000)
  eden space 110080K, 0% used [0x00000000f5500000,0x00000000f5500000,0x00000000fc080000)
  from space 10240K, 45% used [0x00000000fcb00000,0x00000000fcf98ef0,0x00000000fd500000)
  to   space 10752K, 0% used [0x00000000fc080000,0x00000000fc080000,0x00000000fcb00000)
 ParOldGen       total 79360K, used 45637K [0x00000000e0000000, 0x00000000e4d80000, 0x00000000f5500000)
  object space 79360K, 57% used [0x00000000e0000000,0x00000000e2c91440,0x00000000e4d80000)
 PSPermGen       total 82432K, used 81855K [0x00000000d0000000, 0x00000000d5080000, 0x00000000e0000000)
  object space 82432K, 99% used [0x00000000d0000000,0x00000000d4fefd70,0x00000000d5080000)
Event: 3727,483 GC heap after
Heap after GC invocations=74 (full 28):
 PSYoungGen      total 120320K, used 0K [0x00000000f5500000, 0x00000000fd600000, 0x0000000100000000)
  eden space 110080K, 0% used [0x00000000f5500000,0x00000000f5500000,0x00000000fc080000)
  from space 10240K, 0% used [0x00000000fcb00000,0x00000000fcb00000,0x00000000fd500000)
  to   space 10752K, 0% used [0x00000000fc080000,0x00000000fc080000,0x00000000fcb00000)
 ParOldGen       total 79360K, used 49928K [0x00000000e0000000, 0x00000000e4d80000, 0x00000000f5500000)
  object space 79360K, 62% used [0x00000000e0000000,0x00000000e30c22e8,0x00000000e4d80000)
 PSPermGen       total 84480K, used 81774K [0x00000000d0000000, 0x00000000d5280000, 0x00000000e0000000)
  object space 84480K, 96% used [0x00000000d0000000,0x00000000d4fdb848,0x00000000d5280000)
}

